<?xml version="1.0" encoding="UTF-8"?>
<coverage generated="1771811190840" clover="3.2.0">
  <project timestamp="1771811190840" name="All files">
    <metrics statements="3" coveredstatements="3" conditionals="0" coveredconditionals="0" methods="2" coveredmethods="2" elements="5" coveredelements="5" complexity="0" loc="3" ncloc="3" packages="1" files="2" classes="2"/>
    <file name="layout.tsx" path="/private/tmp/builder-5cc56925/app/layout.tsx">
      <metrics statements="2" coveredstatements="2" conditionals="0" coveredconditionals="0" methods="1" coveredmethods="1"/>
      <line num="1" count="2" type="stmt"/>
      <line num="6" count="3" type="stmt"/>
    </file>
    <file name="page.tsx" path="/private/tmp/builder-5cc56925/app/page.tsx">
      <metrics statements="1" coveredstatements="1" conditionals="0" coveredconditionals="0" methods="1" coveredmethods="1"/>
      <line num="1" count="4" type="stmt"/>
    </file>
  </project>
</coverage>
