{"/private/tmp/builder-5cc56925/app/layout.tsx": {"path":"/private/tmp/builder-5cc56925/app/layout.tsx","statementMap":{"0":{"start":{"line":6,"column":24},"end":{"line":6,"column":35}},"1":{"start":{"line":1,"column":13},"end":{"line":1,"column":24}},"2":{"start":{"line":1,"column":24},"end":{"line":4,"column":null}}},"fnMap":{"0":{"name":"RootLayout","decl":{"start":{"line":6,"column":24},"end":{"line":6,"column":35}},"loc":{"start":{"line":6,"column":78},"end":{"line":14,"column":null}}}},"branchMap":{},"s":{"0":3,"1":1,"2":2},"f":{"0":3},"b":{}}
,"/private/tmp/builder-5cc56925/app/page.tsx": {"path":"/private/tmp/builder-5cc56925/app/page.tsx","statementMap":{"0":{"start":{"line":1,"column":24},"end":{"line":1,"column":null}}},"fnMap":{"0":{"name":"Home","decl":{"start":{"line":1,"column":24},"end":{"line":1,"column":null}},"loc":{"start":{"line":1,"column":24},"end":{"line":17,"column":null}}}},"branchMap":{},"s":{"0":4},"f":{"0":4},"b":{}}
}
